[debug] [2024-03-06T19:33:28.567Z] ----------------------------------------------------------------------
[debug] [2024-03-06T19:33:28.575Z] Command:       /Users/brunoalberstein/.nvm/versions/node/v20.11.1/bin/node /Users/brunoalberstein/.nvm/versions/node/v20.11.1/bin/firebase init
[debug] [2024-03-06T19:33:28.575Z] CLI Version:   13.4.0
[debug] [2024-03-06T19:33:28.575Z] Platform:      darwin
[debug] [2024-03-06T19:33:28.575Z] Node Version:  v20.11.1
[debug] [2024-03-06T19:33:28.575Z] Time:          Wed Mar 06 2024 16:33:28 GMT-0300 (Argentina Standard Time)
[debug] [2024-03-06T19:33:28.575Z] ----------------------------------------------------------------------
[debug] 
[debug] [2024-03-06T19:33:28.580Z] > command requires scopes: ["email","openid","https://www.googleapis.com/auth/cloudplatformprojects.readonly","https://www.googleapis.com/auth/firebase","https://www.googleapis.com/auth/cloud-platform"]
[debug] [2024-03-06T19:33:28.580Z] > authorizing via signed-in user (albersteinbruno@gmail.com)
[info] 
     ######## #### ########  ######## ########     ###     ######  ########
     ##        ##  ##     ## ##       ##     ##  ##   ##  ##       ##
     ######    ##  ########  ######   ########  #########  ######  ######
     ##        ##  ##    ##  ##       ##     ## ##     ##       ## ##
     ##       #### ##     ## ######## ########  ##     ##  ######  ########

You're about to initialize a Firebase project in this directory:

  /Users/brunoalberstein/Documents/TEATRO PIGÜÉ/WEB

[info] 
=== Project Setup
[info] 
[info] First, let's associate this project directory with a Firebase project.
[info] You can create multiple project aliases by running firebase use --add, 
[info] but for now we'll just set up a default project.
[info] 
[debug] [2024-03-06T19:34:01.096Z] >>> [apiv2][query] GET https://firebase.googleapis.com/v1beta1/projects pageSize=100
[debug] [2024-03-06T19:34:01.832Z] <<< [apiv2][status] GET https://firebase.googleapis.com/v1beta1/projects 200
[debug] [2024-03-06T19:34:01.832Z] <<< [apiv2][body] GET https://firebase.googleapis.com/v1beta1/projects [omitted]
[info] i  Using project teatropigue-f27f8 (teatropigue) 
[info] 
=== Database Setup
[info] i  database: ensuring required API firebasedatabase.googleapis.com is enabled... 
[debug] [2024-03-06T19:34:02.937Z] >>> [apiv2][query] GET https://serviceusage.googleapis.com/v1/projects/teatropigue-f27f8/services/firebasedatabase.googleapis.com [none]
[debug] [2024-03-06T19:34:02.937Z] >>> [apiv2][(partial)header] GET https://serviceusage.googleapis.com/v1/projects/teatropigue-f27f8/services/firebasedatabase.googleapis.com x-goog-quota-user=projects/teatropigue-f27f8
[debug] [2024-03-06T19:34:04.540Z] <<< [apiv2][status] GET https://serviceusage.googleapis.com/v1/projects/teatropigue-f27f8/services/firebasedatabase.googleapis.com 200
[debug] [2024-03-06T19:34:04.540Z] <<< [apiv2][body] GET https://serviceusage.googleapis.com/v1/projects/teatropigue-f27f8/services/firebasedatabase.googleapis.com [omitted]
[info] ✔  database: required API firebasedatabase.googleapis.com is enabled 
[info] 
[debug] [2024-03-06T19:34:04.541Z] >>> [apiv2][query] GET https://firebasedatabase.googleapis.com/v1beta/projects/teatropigue-f27f8/locations/-/instances/teatropigue-f27f8-default-rtdb [none]
[debug] [2024-03-06T19:34:05.829Z] <<< [apiv2][status] GET https://firebasedatabase.googleapis.com/v1beta/projects/teatropigue-f27f8/locations/-/instances/teatropigue-f27f8-default-rtdb 200
[debug] [2024-03-06T19:34:05.830Z] <<< [apiv2][body] GET https://firebasedatabase.googleapis.com/v1beta/projects/teatropigue-f27f8/locations/-/instances/teatropigue-f27f8-default-rtdb {"name":"projects/396880108469/locations/us-central1/instances/teatropigue-f27f8-default-rtdb","project":"projects/396880108469","databaseUrl":"https://teatropigue-f27f8-default-rtdb.firebaseio.com","type":"DEFAULT_DATABASE","state":"ACTIVE"}
[info] 
[info] Firebase Realtime Database Security Rules allow you to define how your data should be
[info] structured and when your data can be read from and written to.
[info] 
[debug] [2024-03-06T19:34:22.114Z] >>> [apiv2][query] GET https://teatropigue-f27f8-default-rtdb.firebaseio.com/.settings/rules.json [none]
[debug] [2024-03-06T19:34:23.131Z] <<< [apiv2][status] GET https://teatropigue-f27f8-default-rtdb.firebaseio.com/.settings/rules.json 200
[debug] [2024-03-06T19:34:23.131Z] <<< [apiv2][body] GET https://teatropigue-f27f8-default-rtdb.firebaseio.com/.settings/rules.json [stream]
[info] ✔  Database Rules for teatropigue-f27f8-default-rtdb have been written to database.rules.json. 
[info] Future modifications to database.rules.json will update Realtime Database Security Rules when you run
[info] firebase deploy.
[info] 
=== Firestore Setup
[debug] [2024-03-06T19:34:23.134Z] >>> [apiv2][query] GET https://serviceusage.googleapis.com/v1/projects/teatropigue-f27f8/services/firestore.googleapis.com [none]
[debug] [2024-03-06T19:34:23.134Z] >>> [apiv2][(partial)header] GET https://serviceusage.googleapis.com/v1/projects/teatropigue-f27f8/services/firestore.googleapis.com x-goog-quota-user=projects/teatropigue-f27f8
[debug] [2024-03-06T19:34:24.308Z] <<< [apiv2][status] GET https://serviceusage.googleapis.com/v1/projects/teatropigue-f27f8/services/firestore.googleapis.com 200
[debug] [2024-03-06T19:34:24.308Z] <<< [apiv2][body] GET https://serviceusage.googleapis.com/v1/projects/teatropigue-f27f8/services/firestore.googleapis.com [omitted]
[debug] [2024-03-06T19:34:24.308Z] >>> [apiv2][query] GET https://firestore.googleapis.com/v1/projects/teatropigue-f27f8/databases/(default) [none]
[debug] [2024-03-06T19:34:25.409Z] <<< [apiv2][status] GET https://firestore.googleapis.com/v1/projects/teatropigue-f27f8/databases/(default) 200
[debug] [2024-03-06T19:34:25.409Z] <<< [apiv2][body] GET https://firestore.googleapis.com/v1/projects/teatropigue-f27f8/databases/(default) {"name":"projects/teatropigue-f27f8/databases/(default)","uid":"e0df9e84-fbbc-431e-b966-da9032893e13","createTime":"2024-03-06T19:27:46.483355Z","updateTime":"2024-03-06T19:27:46.483355Z","locationId":"nam5","type":"FIRESTORE_NATIVE","concurrencyMode":"PESSIMISTIC","versionRetentionPeriod":"3600s","earliestVersionTime":"2024-03-06T19:27:46.483355Z","appEngineIntegrationMode":"DISABLED","keyPrefix":"s","pointInTimeRecoveryEnablement":"POINT_IN_TIME_RECOVERY_DISABLED","deleteProtectionState":"DELETE_PROTECTION_DISABLED","etag":"IKTKgt+w4IQDMJvh6KCv4IQD"}
[debug] [2024-03-06T19:34:25.409Z] database_type: FIRESTORE_NATIVE
[debug] [2024-03-06T19:34:25.409Z] > command requires scopes: ["email","openid","https://www.googleapis.com/auth/cloudplatformprojects.readonly","https://www.googleapis.com/auth/firebase","https://www.googleapis.com/auth/cloud-platform"]
[debug] [2024-03-06T19:34:25.409Z] > authorizing via signed-in user (albersteinbruno@gmail.com)
[debug] [2024-03-06T19:34:25.410Z] [iam] checking project teatropigue-f27f8 for permissions ["firebase.projects.get"]
[debug] [2024-03-06T19:34:25.410Z] >>> [apiv2][query] POST https://cloudresourcemanager.googleapis.com/v1/projects/teatropigue-f27f8:testIamPermissions [none]
[debug] [2024-03-06T19:34:25.412Z] >>> [apiv2][(partial)header] POST https://cloudresourcemanager.googleapis.com/v1/projects/teatropigue-f27f8:testIamPermissions x-goog-quota-user=projects/teatropigue-f27f8
[debug] [2024-03-06T19:34:25.412Z] >>> [apiv2][body] POST https://cloudresourcemanager.googleapis.com/v1/projects/teatropigue-f27f8:testIamPermissions {"permissions":["firebase.projects.get"]}
[debug] [2024-03-06T19:34:26.451Z] <<< [apiv2][status] POST https://cloudresourcemanager.googleapis.com/v1/projects/teatropigue-f27f8:testIamPermissions 200
[debug] [2024-03-06T19:34:26.451Z] <<< [apiv2][body] POST https://cloudresourcemanager.googleapis.com/v1/projects/teatropigue-f27f8:testIamPermissions {"permissions":["firebase.projects.get"]}
[info] 
[info] Firestore Security Rules allow you to define how and when to allow
[info] requests. You can keep these rules in your project directory
[info] and publish them with firebase deploy.
[info] 
[debug] [2024-03-06T19:34:33.406Z] >>> [apiv2][query] GET https://firebaserules.googleapis.com/v1/projects/teatropigue-f27f8/releases pageSize=10&pageToken=
[debug] [2024-03-06T19:34:34.729Z] <<< [apiv2][status] GET https://firebaserules.googleapis.com/v1/projects/teatropigue-f27f8/releases 200
[debug] [2024-03-06T19:34:34.730Z] <<< [apiv2][body] GET https://firebaserules.googleapis.com/v1/projects/teatropigue-f27f8/releases {}
[debug] [2024-03-06T19:34:34.730Z] No rulesets found, using default.
[info] 
[info] Firestore indexes allow you to perform complex queries while
[info] maintaining performance that scales with the size of the result
[info] set. You can keep index definitions in your project directory
[info] and publish them with firebase deploy.
[info] 
[debug] [2024-03-06T19:34:41.655Z] >>> [apiv2][query] GET https://firestore.googleapis.com/v1/projects/teatropigue-f27f8/databases/(default)/collectionGroups/-/indexes [none]
[debug] [2024-03-06T19:34:41.658Z] >>> [apiv2][query] GET https://firestore.googleapis.com/v1/projects/teatropigue-f27f8/databases/(default)/collectionGroups/-/fields?filter=indexConfig.usesAncestorConfig=false OR ttlConfig:* [none]
[debug] [2024-03-06T19:34:42.825Z] <<< [apiv2][status] GET https://firestore.googleapis.com/v1/projects/teatropigue-f27f8/databases/(default)/collectionGroups/-/indexes 200
[debug] [2024-03-06T19:34:42.826Z] <<< [apiv2][body] GET https://firestore.googleapis.com/v1/projects/teatropigue-f27f8/databases/(default)/collectionGroups/-/indexes {}
[debug] [2024-03-06T19:34:43.447Z] <<< [apiv2][status] GET https://firestore.googleapis.com/v1/projects/teatropigue-f27f8/databases/(default)/collectionGroups/-/fields?filter=indexConfig.usesAncestorConfig=false OR ttlConfig:* 200
[debug] [2024-03-06T19:34:43.447Z] <<< [apiv2][body] GET https://firestore.googleapis.com/v1/projects/teatropigue-f27f8/databases/(default)/collectionGroups/-/fields?filter=indexConfig.usesAncestorConfig=false OR ttlConfig:* {"fields":[{"name":"projects/teatropigue-f27f8/databases/(default)/collectionGroups/__default__/fields/*","indexConfig":{"indexes":[{"queryScope":"COLLECTION","fields":[{"fieldPath":"*","order":"ASCENDING"}],"state":"READY"},{"queryScope":"COLLECTION","fields":[{"fieldPath":"*","order":"DESCENDING"}],"state":"READY"},{"queryScope":"COLLECTION","fields":[{"fieldPath":"*","arrayConfig":"CONTAINS"}],"state":"READY"}]}}]}
[info] 
=== Functions Setup
[debug] [2024-03-06T19:34:43.448Z] > command requires scopes: ["email","openid","https://www.googleapis.com/auth/cloudplatformprojects.readonly","https://www.googleapis.com/auth/firebase","https://www.googleapis.com/auth/cloud-platform"]
[debug] [2024-03-06T19:34:43.448Z] > authorizing via signed-in user (albersteinbruno@gmail.com)
[debug] [2024-03-06T19:34:43.448Z] [iam] checking project teatropigue-f27f8 for permissions ["firebase.projects.get"]
[debug] [2024-03-06T19:34:43.449Z] >>> [apiv2][query] POST https://cloudresourcemanager.googleapis.com/v1/projects/teatropigue-f27f8:testIamPermissions [none]
[debug] [2024-03-06T19:34:43.449Z] >>> [apiv2][(partial)header] POST https://cloudresourcemanager.googleapis.com/v1/projects/teatropigue-f27f8:testIamPermissions x-goog-quota-user=projects/teatropigue-f27f8
[debug] [2024-03-06T19:34:43.449Z] >>> [apiv2][body] POST https://cloudresourcemanager.googleapis.com/v1/projects/teatropigue-f27f8:testIamPermissions {"permissions":["firebase.projects.get"]}
[debug] [2024-03-06T19:34:44.501Z] <<< [apiv2][status] POST https://cloudresourcemanager.googleapis.com/v1/projects/teatropigue-f27f8:testIamPermissions 200
[debug] [2024-03-06T19:34:44.501Z] <<< [apiv2][body] POST https://cloudresourcemanager.googleapis.com/v1/projects/teatropigue-f27f8:testIamPermissions {"permissions":["firebase.projects.get"]}
[debug] [2024-03-06T19:34:44.501Z] >>> [apiv2][query] GET https://serviceusage.googleapis.com/v1/projects/teatropigue-f27f8/services/cloudfunctions.googleapis.com [none]
[debug] [2024-03-06T19:34:44.501Z] >>> [apiv2][(partial)header] GET https://serviceusage.googleapis.com/v1/projects/teatropigue-f27f8/services/cloudfunctions.googleapis.com x-goog-quota-user=projects/teatropigue-f27f8
[debug] [2024-03-06T19:34:44.504Z] >>> [apiv2][query] GET https://serviceusage.googleapis.com/v1/projects/teatropigue-f27f8/services/runtimeconfig.googleapis.com [none]
[debug] [2024-03-06T19:34:44.504Z] >>> [apiv2][(partial)header] GET https://serviceusage.googleapis.com/v1/projects/teatropigue-f27f8/services/runtimeconfig.googleapis.com x-goog-quota-user=projects/teatropigue-f27f8
[debug] [2024-03-06T19:34:45.735Z] <<< [apiv2][status] GET https://serviceusage.googleapis.com/v1/projects/teatropigue-f27f8/services/runtimeconfig.googleapis.com 200
[debug] [2024-03-06T19:34:45.735Z] <<< [apiv2][body] GET https://serviceusage.googleapis.com/v1/projects/teatropigue-f27f8/services/runtimeconfig.googleapis.com [omitted]
[debug] [2024-03-06T19:34:45.736Z] <<< [apiv2][status] GET https://serviceusage.googleapis.com/v1/projects/teatropigue-f27f8/services/cloudfunctions.googleapis.com 200
[debug] [2024-03-06T19:34:45.737Z] <<< [apiv2][body] GET https://serviceusage.googleapis.com/v1/projects/teatropigue-f27f8/services/cloudfunctions.googleapis.com [omitted]
[debug] [2024-03-06T19:34:45.737Z] >>> [apiv2][query] POST https://serviceusage.googleapis.com/v1/projects/teatropigue-f27f8/services/cloudfunctions.googleapis.com:enable [none]
[debug] [2024-03-06T19:34:45.737Z] >>> [apiv2][(partial)header] POST https://serviceusage.googleapis.com/v1/projects/teatropigue-f27f8/services/cloudfunctions.googleapis.com:enable x-goog-quota-user=projects/teatropigue-f27f8
[debug] [2024-03-06T19:34:46.723Z] <<< [apiv2][status] POST https://serviceusage.googleapis.com/v1/projects/teatropigue-f27f8/services/cloudfunctions.googleapis.com:enable 200
[debug] [2024-03-06T19:34:46.723Z] <<< [apiv2][body] POST https://serviceusage.googleapis.com/v1/projects/teatropigue-f27f8/services/cloudfunctions.googleapis.com:enable [omitted]
[debug] [2024-03-06T19:34:56.724Z] >>> [apiv2][query] GET https://serviceusage.googleapis.com/v1/projects/teatropigue-f27f8/services/cloudfunctions.googleapis.com [none]
[debug] [2024-03-06T19:34:56.725Z] >>> [apiv2][(partial)header] GET https://serviceusage.googleapis.com/v1/projects/teatropigue-f27f8/services/cloudfunctions.googleapis.com x-goog-quota-user=projects/teatropigue-f27f8
[debug] [2024-03-06T19:34:57.850Z] <<< [apiv2][status] GET https://serviceusage.googleapis.com/v1/projects/teatropigue-f27f8/services/cloudfunctions.googleapis.com 200
[debug] [2024-03-06T19:34:57.850Z] <<< [apiv2][body] GET https://serviceusage.googleapis.com/v1/projects/teatropigue-f27f8/services/cloudfunctions.googleapis.com [omitted]
[info] Let's create a new codebase for your functions.
[info] A directory corresponding to the codebase will be created in your project
[info] with sample code pre-configured.

[info] See https://firebase.google.com/docs/functions/organize-functions for
[info] more information on organizing your functions using codebases.

[info] Functions can be deployed with firebase deploy.

[info] ✔  Wrote functions/package.json 
[info] ✔  Wrote functions/.eslintrc.js 
[info] ✔  Wrote functions/index.js 
[info] ✔  Wrote functions/.gitignore 
[info] 
=== Hosting Setup
[debug] [2024-03-06T19:35:51.842Z] >>> [apiv2][query] GET https://firebase.googleapis.com/v1beta1/projects/teatropigue-f27f8 [none]
[debug] [2024-03-06T19:35:52.322Z] <<< [apiv2][status] GET https://firebase.googleapis.com/v1beta1/projects/teatropigue-f27f8 200
[debug] [2024-03-06T19:35:52.322Z] <<< [apiv2][body] GET https://firebase.googleapis.com/v1beta1/projects/teatropigue-f27f8 {"projectId":"teatropigue-f27f8","projectNumber":"396880108469","displayName":"teatropigue","name":"projects/teatropigue-f27f8","resources":{"hostingSite":"teatropigue-f27f8","realtimeDatabaseInstance":"teatropigue-f27f8-default-rtdb"},"state":"ACTIVE","etag":"1_2d89ff6d-a355-4def-8674-627721ab5e45"}
[info] 
[info] Your public directory is the folder (relative to your project directory) that
[info] will contain Hosting assets to be uploaded with firebase deploy. If you
[info] have a build process for your assets, use your build's output directory.
[info] 
[debug] [2024-03-06T19:36:27.164Z] >>> [apiv2][query] GET https://www.gstatic.com/firebasejs/releases.json [none]
[debug] [2024-03-06T19:36:27.450Z] <<< [apiv2][status] GET https://www.gstatic.com/firebasejs/releases.json 200
[debug] [2024-03-06T19:36:27.450Z] <<< [apiv2][body] GET https://www.gstatic.com/firebasejs/releases.json {"current":{"version":"10.8.1","browserURL":"https://www.gstatic.com/firebasejs/10.8.1/firebase.js","packageURL":"https://www.gstatic.com/firebasejs/10.8.1/firebase.tgz"},"live":{"version":"10.8","browserURL":"https://www.gstatic.com/firebasejs/live/10.8/firebase.js","packageURL":"https://www.gstatic.com/firebasejs/live/10.8/firebase.tgz"},"components":{"analytics":"https://www.gstatic.com/firebasejs/10.8.1/firebase-analytics.js","app":"https://www.gstatic.com/firebasejs/10.8.1/firebase-app.js","app-check":"https://www.gstatic.com/firebasejs/10.8.1/firebase-app-check.js","auth":"https://www.gstatic.com/firebasejs/10.8.1/firebase-auth.js","auth/cordova":"https://www.gstatic.com/firebasejs/10.8.1/firebase-auth/cordova.js","auth/web-extension":"https://www.gstatic.com/firebasejs/10.8.1/firebase-auth/web-extension.js","functions":"https://www.gstatic.com/firebasejs/10.8.1/firebase-functions.js","firestore":"https://www.gstatic.com/firebasejs/10.8.1/firebase-firestore.js","firestore/lite":"https://www.gstatic.com/firebasejs/10.8.1/firebase-firestore/lite.js","installations":"https://www.gstatic.com/firebasejs/10.8.1/firebase-installations.js","storage":"https://www.gstatic.com/firebasejs/10.8.1/firebase-storage.js","performance":"https://www.gstatic.com/firebasejs/10.8.1/firebase-performance.js","remote-config":"https://www.gstatic.com/firebasejs/10.8.1/firebase-remote-config.js","messaging":"https://www.gstatic.com/firebasejs/10.8.1/firebase-messaging.js","messaging/sw":"https://www.gstatic.com/firebasejs/10.8.1/firebase-messaging/sw.js","database":"https://www.gstatic.com/firebasejs/10.8.1/firebase-database.js","firestore.memory":"https://www.gstatic.com/firebasejs/10.8.1/firebase-firestore.memory.js"}}
[info] ✔  Wrote public/index.html 
[info] 
[info] i  Didn't detect a .git folder. Assuming /Users/brunoalberstein/Documents/TEATRO PIGÜÉ/WEB is the project root. 
[info] i  Authorizing with GitHub to upload your service account to a GitHub repository's secrets store. 
[info] 
[info] Visit this URL on this device to log in:
[info] https://github.com/login/oauth/authorize?client_id=89cf50f02ac6aaed3484&state=579363762&redirect_uri=http%3A%2F%2Flocalhost%3A9005&scope=read%3Auser%20repo%20public_repo
[info] 
[info] Waiting for authentication...
[debug] [2024-03-06T19:36:35.032Z] >>> [apiv2][query] POST https://github.com/login/oauth/access_token [none]
[debug] [2024-03-06T19:36:35.032Z] >>> [apiv2][body] POST https://github.com/login/oauth/access_token [stream]
[debug] [2024-03-06T19:36:35.708Z] <<< [apiv2][status] POST https://github.com/login/oauth/access_token 200
[debug] [2024-03-06T19:36:35.708Z] <<< [apiv2][body] POST https://github.com/login/oauth/access_token {"access_token":"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","token_type":"bearer","scope":"read:user,repo"}
[debug] [2024-03-06T19:36:35.712Z] >>> [apiv2][query] GET https://api.github.com/user [none]
[debug] [2024-03-06T19:36:36.230Z] <<< [apiv2][status] GET https://api.github.com/user 200
[debug] [2024-03-06T19:36:36.230Z] <<< [apiv2][body] GET https://api.github.com/user {"login":"iAlberstein","id":139071802,"node_id":"U_kgDOCEoROg","avatar_url":"https://avatars.githubusercontent.com/u/139071802?v=4","gravatar_id":"","url":"https://api.github.com/users/iAlberstein","html_url":"https://github.com/iAlberstein","followers_url":"https://api.github.com/users/iAlberstein/followers","following_url":"https://api.github.com/users/iAlberstein/following{/other_user}","gists_url":"https://api.github.com/users/iAlberstein/gists{/gist_id}","starred_url":"https://api.github.com/users/iAlberstein/starred{/owner}{/repo}","subscriptions_url":"https://api.github.com/users/iAlberstein/subscriptions","organizations_url":"https://api.github.com/users/iAlberstein/orgs","repos_url":"https://api.github.com/users/iAlberstein/repos","events_url":"https://api.github.com/users/iAlberstein/events{/privacy}","received_events_url":"https://api.github.com/users/iAlberstein/received_events","type":"User","site_admin":false,"name":null,"company":null,"blog":"","location":null,"email":null,"hireable":null,"bio":null,"twitter_username":null,"public_repos":9,"public_gists":0,"followers":0,"following":1,"created_at":"2023-07-09T18:11:55Z","updated_at":"2024-02-25T19:34:55Z","private_gists":0,"total_private_repos":1,"owned_private_repos":1,"disk_usage":5726,"collaborators":0,"two_factor_authentication":false,"plan":{"name":"free","space":976562499,"collaborators":0,"private_repos":10000}}
[info] 
[info] ✔  Success! Logged into GitHub as iAlberstein 
[info] 
[debug] [2024-03-06T19:38:09.834Z] >>> [apiv2][query] GET https://api.github.com/repos//actions/secrets/public-key type=owner
[debug] [2024-03-06T19:38:10.448Z] <<< [apiv2][status] GET https://api.github.com/repos//actions/secrets/public-key 404
[debug] [2024-03-06T19:38:10.448Z] <<< [apiv2][body] GET https://api.github.com/repos//actions/secrets/public-key {"message":"Not Found","documentation_url":"https://docs.github.com/rest"}
[info] 
[info] 
[error] ⚠  The provided authorization cannot be used with this repository. If this repository is in an organization, did you remember to grant access? 
[info] 
[info] i  Action required: Visit this URL to ensure access has been granted to the appropriate organization(s) for the Firebase CLI GitHub OAuth App: 
[info] https://github.com/settings/connections/applications/89cf50f02ac6aaed3484
[info] 
[debug] [2024-03-06T19:38:40.767Z] >>> [apiv2][query] GET https://api.github.com/repos//actions/secrets/public-key type=owner
[debug] [2024-03-06T19:38:41.163Z] <<< [apiv2][status] GET https://api.github.com/repos//actions/secrets/public-key 404
[debug] [2024-03-06T19:38:41.163Z] <<< [apiv2][body] GET https://api.github.com/repos//actions/secrets/public-key {"message":"Not Found","documentation_url":"https://docs.github.com/rest"}
[info] 
[info] 
[error] ⚠  The provided authorization cannot be used with this repository. If this repository is in an organization, did you remember to grant access? 
[info] 
[info] i  Action required: Visit this URL to ensure access has been granted to the appropriate organization(s) for the Firebase CLI GitHub OAuth App: 
[info] https://github.com/settings/connections/applications/89cf50f02ac6aaed3484
[info] 
